
[2018-12-09 14:12:50]-[ERROR]-[Thread: localhost-startStop-2]-[com.alibaba.druid.stat.DruidDataSourceStatManager.removeDataSource():211]: unregister mbean error
javax.management.InstanceNotFoundException: com.alibaba.druid:type=DruidDataSourceStat
	at com.sun.jmx.interceptor.DefaultMBeanServerInterceptor.getMBean(DefaultMBeanServerInterceptor.java:1095)
	at com.sun.jmx.interceptor.DefaultMBeanServerInterceptor.exclusiveUnregisterMBean(DefaultMBeanServerInterceptor.java:427)
	at com.sun.jmx.interceptor.DefaultMBeanServerInterceptor.unregisterMBean(DefaultMBeanServerInterceptor.java:415)
	at com.sun.jmx.mbeanserver.JmxMBeanServer.unregisterMBean(JmxMBeanServer.java:546)
	at com.alibaba.druid.stat.DruidDataSourceStatManager.removeDataSource(DruidDataSourceStatManager.java:209)
	at com.alibaba.druid.pool.DruidDataSource$2.run(DruidDataSource.java:1686)
	at java.security.AccessController.doPrivileged(Native Method)
	at com.alibaba.druid.pool.DruidDataSource.unregisterMbean(DruidDataSource.java:1682)
	at com.alibaba.druid.pool.DruidDataSource.close(DruidDataSource.java:1641)
	at sun.reflect.NativeMethodAccessorImpl.invoke0(Native Method)
	at sun.reflect.NativeMethodAccessorImpl.invoke(NativeMethodAccessorImpl.java:62)
	at sun.reflect.DelegatingMethodAccessorImpl.invoke(DelegatingMethodAccessorImpl.java:43)
	at java.lang.reflect.Method.invoke(Method.java:498)
	at org.springframework.beans.factory.support.DisposableBeanAdapter.invokeCustomDestroyMethod(DisposableBeanAdapter.java:364)
	at org.springframework.beans.factory.support.DisposableBeanAdapter.destroy(DisposableBeanAdapter.java:287)
	at org.springframework.beans.factory.support.DefaultSingletonBeanRegistry.destroyBean(DefaultSingletonBeanRegistry.java:578)
	at org.springframework.beans.factory.support.DefaultSingletonBeanRegistry.destroySingleton(DefaultSingletonBeanRegistry.java:554)
	at org.springframework.beans.factory.support.DefaultListableBeanFactory.destroySingleton(DefaultListableBeanFactory.java:961)
	at org.springframework.beans.factory.support.DefaultSingletonBeanRegistry.destroySingletons(DefaultSingletonBeanRegistry.java:523)
	at org.springframework.beans.factory.support.FactoryBeanRegistrySupport.destroySingletons(FactoryBeanRegistrySupport.java:230)
	at org.springframework.beans.factory.support.DefaultListableBeanFactory.destroySingletons(DefaultListableBeanFactory.java:968)
	at org.springframework.context.support.AbstractApplicationContext.destroyBeans(AbstractApplicationContext.java:1030)
	at org.springframework.context.support.AbstractApplicationContext.doClose(AbstractApplicationContext.java:1006)
	at org.springframework.context.support.AbstractApplicationContext.close(AbstractApplicationContext.java:958)
	at org.springframework.web.context.ContextLoader.closeWebApplicationContext(ContextLoader.java:583)
	at org.springframework.web.context.ContextLoaderListener.contextDestroyed(ContextLoaderListener.java:116)
	at org.apache.catalina.core.StandardContext.listenerStop(StandardContext.java:4839)
	at org.apache.catalina.core.StandardContext.stopInternal(StandardContext.java:5478)
	at org.apache.catalina.util.LifecycleBase.stop(LifecycleBase.java:226)
	at org.apache.catalina.core.ContainerBase$StopChild.call(ContainerBase.java:1437)
	at org.apache.catalina.core.ContainerBase$StopChild.call(ContainerBase.java:1426)
	at java.util.concurrent.FutureTask.run(FutureTask.java:266)
	at java.util.concurrent.ThreadPoolExecutor.runWorker(ThreadPoolExecutor.java:1142)
	at java.util.concurrent.ThreadPoolExecutor$Worker.run(ThreadPoolExecutor.java:617)
	at java.lang.Thread.run(Thread.java:748)

[2018-12-09 14:12:50]-[ERROR]-[Thread: localhost-startStop-2]-[com.alibaba.druid.stat.DruidStatService.unregisterMBean():376]: unregister mbean error
javax.management.InstanceNotFoundException: com.alibaba.druid:type=DruidStatService
	at com.sun.jmx.interceptor.DefaultMBeanServerInterceptor.getMBean(DefaultMBeanServerInterceptor.java:1095)
	at com.sun.jmx.interceptor.DefaultMBeanServerInterceptor.exclusiveUnregisterMBean(DefaultMBeanServerInterceptor.java:427)
	at com.sun.jmx.interceptor.DefaultMBeanServerInterceptor.unregisterMBean(DefaultMBeanServerInterceptor.java:415)
	at com.sun.jmx.mbeanserver.JmxMBeanServer.unregisterMBean(JmxMBeanServer.java:546)
	at com.alibaba.druid.stat.DruidStatService.unregisterMBean(DruidStatService.java:374)
	at com.alibaba.druid.stat.DruidDataSourceStatManager.removeDataSource(DruidDataSourceStatManager.java:214)
	at com.alibaba.druid.pool.DruidDataSource$2.run(DruidDataSource.java:1686)
	at java.security.AccessController.doPrivileged(Native Method)
	at com.alibaba.druid.pool.DruidDataSource.unregisterMbean(DruidDataSource.java:1682)
	at com.alibaba.druid.pool.DruidDataSource.close(DruidDataSource.java:1641)
	at sun.reflect.NativeMethodAccessorImpl.invoke0(Native Method)
	at sun.reflect.NativeMethodAccessorImpl.invoke(NativeMethodAccessorImpl.java:62)
	at sun.reflect.DelegatingMethodAccessorImpl.invoke(DelegatingMethodAccessorImpl.java:43)
	at java.lang.reflect.Method.invoke(Method.java:498)
	at org.springframework.beans.factory.support.DisposableBeanAdapter.invokeCustomDestroyMethod(DisposableBeanAdapter.java:364)
	at org.springframework.beans.factory.support.DisposableBeanAdapter.destroy(DisposableBeanAdapter.java:287)
	at org.springframework.beans.factory.support.DefaultSingletonBeanRegistry.destroyBean(DefaultSingletonBeanRegistry.java:578)
	at org.springframework.beans.factory.support.DefaultSingletonBeanRegistry.destroySingleton(DefaultSingletonBeanRegistry.java:554)
	at org.springframework.beans.factory.support.DefaultListableBeanFactory.destroySingleton(DefaultListableBeanFactory.java:961)
	at org.springframework.beans.factory.support.DefaultSingletonBeanRegistry.destroySingletons(DefaultSingletonBeanRegistry.java:523)
	at org.springframework.beans.factory.support.FactoryBeanRegistrySupport.destroySingletons(FactoryBeanRegistrySupport.java:230)
	at org.springframework.beans.factory.support.DefaultListableBeanFactory.destroySingletons(DefaultListableBeanFactory.java:968)
	at org.springframework.context.support.AbstractApplicationContext.destroyBeans(AbstractApplicationContext.java:1030)
	at org.springframework.context.support.AbstractApplicationContext.doClose(AbstractApplicationContext.java:1006)
	at org.springframework.context.support.AbstractApplicationContext.close(AbstractApplicationContext.java:958)
	at org.springframework.web.context.ContextLoader.closeWebApplicationContext(ContextLoader.java:583)
	at org.springframework.web.context.ContextLoaderListener.contextDestroyed(ContextLoaderListener.java:116)
	at org.apache.catalina.core.StandardContext.listenerStop(StandardContext.java:4839)
	at org.apache.catalina.core.StandardContext.stopInternal(StandardContext.java:5478)
	at org.apache.catalina.util.LifecycleBase.stop(LifecycleBase.java:226)
	at org.apache.catalina.core.ContainerBase$StopChild.call(ContainerBase.java:1437)
	at org.apache.catalina.core.ContainerBase$StopChild.call(ContainerBase.java:1426)
	at java.util.concurrent.FutureTask.run(FutureTask.java:266)
	at java.util.concurrent.ThreadPoolExecutor.runWorker(ThreadPoolExecutor.java:1142)
	at java.util.concurrent.ThreadPoolExecutor$Worker.run(ThreadPoolExecutor.java:617)
	at java.lang.Thread.run(Thread.java:748)

[2018-12-09 15:00:27]-[ERROR]-[Thread: localhost-startStop-1]-[org.prescript.util.kafka.KafkaConfig.init():57]: Could not load property file:/kafka.properties
java.lang.NullPointerException
	at java.util.Properties$LineReader.readLine(Properties.java:434)
	at java.util.Properties.load0(Properties.java:353)
	at java.util.Properties.load(Properties.java:341)
	at org.prescript.util.kafka.KafkaConfig.init(KafkaConfig.java:53)
	at org.prescript.util.kafka.KafkaConfig.init(KafkaConfig.java:39)
	at org.prescript.util.kafka.KafkaConfig.<init>(KafkaConfig.java:25)
	at org.prescript.util.kafka.KafkaConfig.<clinit>(KafkaConfig.java:28)
	at org.prescript.util.kafka.KafkaUtil.<init>(KafkaUtil.java:133)
	at org.prescript.util.kafka.KafkaUtil.getInstance(KafkaUtil.java:124)
	at com.essence.prescript.biz.task.impl.SynchronizationTaskServiceImpl.<init>(SynchronizationTaskServiceImpl.java:117)
	at sun.reflect.NativeConstructorAccessorImpl.newInstance0(Native Method)
	at sun.reflect.NativeConstructorAccessorImpl.newInstance(NativeConstructorAccessorImpl.java:62)
	at sun.reflect.DelegatingConstructorAccessorImpl.newInstance(DelegatingConstructorAccessorImpl.java:45)
	at java.lang.reflect.Constructor.newInstance(Constructor.java:423)
	at org.springframework.beans.BeanUtils.instantiateClass(BeanUtils.java:142)
	at org.springframework.beans.factory.support.SimpleInstantiationStrategy.instantiate(SimpleInstantiationStrategy.java:89)
	at org.springframework.beans.factory.support.AbstractAutowireCapableBeanFactory.instantiateBean(AbstractAutowireCapableBeanFactory.java:1147)
	at org.springframework.beans.factory.support.AbstractAutowireCapableBeanFactory.createBeanInstance(AbstractAutowireCapableBeanFactory.java:1099)
	at org.springframework.beans.factory.support.AbstractAutowireCapableBeanFactory.doCreateBean(AbstractAutowireCapableBeanFactory.java:513)
	at org.springframework.beans.factory.support.AbstractAutowireCapableBeanFactory.createBean(AbstractAutowireCapableBeanFactory.java:483)
	at org.springframework.beans.factory.support.AbstractBeanFactory$1.getObject(AbstractBeanFactory.java:306)
	at org.springframework.beans.factory.support.DefaultSingletonBeanRegistry.getSingleton(DefaultSingletonBeanRegistry.java:230)
	at org.springframework.beans.factory.support.AbstractBeanFactory.doGetBean(AbstractBeanFactory.java:302)
	at org.springframework.beans.factory.support.AbstractBeanFactory.getBean(AbstractBeanFactory.java:197)
	at org.springframework.beans.factory.support.DefaultListableBeanFactory.preInstantiateSingletons(DefaultListableBeanFactory.java:761)
	at org.springframework.context.support.AbstractApplicationContext.finishBeanFactoryInitialization(AbstractApplicationContext.java:867)
	at org.springframework.context.support.AbstractApplicationContext.refresh(AbstractApplicationContext.java:543)
	at org.springframework.web.context.ContextLoader.configureAndRefreshWebApplicationContext(ContextLoader.java:443)
	at org.springframework.web.context.ContextLoader.initWebApplicationContext(ContextLoader.java:325)
	at org.springframework.web.context.ContextLoaderListener.contextInitialized(ContextLoaderListener.java:107)
	at org.apache.catalina.core.StandardContext.listenerStart(StandardContext.java:4792)
	at org.apache.catalina.core.StandardContext.startInternal(StandardContext.java:5256)
	at org.apache.catalina.util.LifecycleBase.start(LifecycleBase.java:150)
	at org.apache.catalina.core.ContainerBase.addChildInternal(ContainerBase.java:754)
	at org.apache.catalina.core.ContainerBase.addChild(ContainerBase.java:730)
	at org.apache.catalina.core.StandardHost.addChild(StandardHost.java:734)
	at org.apache.catalina.startup.HostConfig.deployWAR(HostConfig.java:985)
	at org.apache.catalina.startup.HostConfig$DeployWar.run(HostConfig.java:1857)
	at java.util.concurrent.Executors$RunnableAdapter.call(Executors.java:511)
	at java.util.concurrent.FutureTask.run(FutureTask.java:266)
	at java.util.concurrent.ThreadPoolExecutor.runWorker(ThreadPoolExecutor.java:1142)
	at java.util.concurrent.ThreadPoolExecutor$Worker.run(ThreadPoolExecutor.java:617)
	at java.lang.Thread.run(Thread.java:748)

[2018-12-09 15:54:09]-[ERROR]-[Thread: DubboServerHandler-172.18.4.16:20880-thread-198]-[com.alibaba.dubbo.rpc.filter.ExceptionFilter.invoke():84]:  [DUBBO] Got unchecked and undeclared exception which called by 172.18.4.12. service: com.essence.prescript.service.base.IBaseLogService, method: insertLog, exception: org.springframework.dao.DataIntegrityViolationException: 
### Error updating database.  Cause: com.mysql.jdbc.MysqlDataTruncation: Data truncation: Data too long for column 'return_value' at row 1
### The error may involve com.essence.prescript.mapping.base.BaseOperationLogMapper.insert-Inline
### The error occurred while setting parameters
### SQL: insert into base_operation_log (id, system_type, user_id,        method, method_desc, args,        return_value, invoke_time, run_time       )     values (?, ?, ?,        ?, ?, ?,        ?, ?, ?       )
### Cause: com.mysql.jdbc.MysqlDataTruncation: Data truncation: Data too long for column 'return_value' at row 1
; SQL []; Data truncation: Data too long for column 'return_value' at row 1; nested exception is com.mysql.jdbc.MysqlDataTruncation: Data truncation: Data too long for column 'return_value' at row 1, dubbo version: 2.6.0, current host: 172.18.4.16
org.springframework.dao.DataIntegrityViolationException: 
### Error updating database.  Cause: com.mysql.jdbc.MysqlDataTruncation: Data truncation: Data too long for column 'return_value' at row 1
### The error may involve com.essence.prescript.mapping.base.BaseOperationLogMapper.insert-Inline
### The error occurred while setting parameters
### SQL: insert into base_operation_log (id, system_type, user_id,        method, method_desc, args,        return_value, invoke_time, run_time       )     values (?, ?, ?,        ?, ?, ?,        ?, ?, ?       )
### Cause: com.mysql.jdbc.MysqlDataTruncation: Data truncation: Data too long for column 'return_value' at row 1
; SQL []; Data truncation: Data too long for column 'return_value' at row 1; nested exception is com.mysql.jdbc.MysqlDataTruncation: Data truncation: Data too long for column 'return_value' at row 1
	at org.springframework.jdbc.support.SQLStateSQLExceptionTranslator.doTranslate(SQLStateSQLExceptionTranslator.java:102)
	at org.springframework.jdbc.support.AbstractFallbackSQLExceptionTranslator.translate(AbstractFallbackSQLExceptionTranslator.java:73)
	at org.springframework.jdbc.support.AbstractFallbackSQLExceptionTranslator.translate(AbstractFallbackSQLExceptionTranslator.java:81)
	at org.springframework.jdbc.support.AbstractFallbackSQLExceptionTranslator.translate(AbstractFallbackSQLExceptionTranslator.java:81)
	at org.mybatis.spring.MyBatisExceptionTranslator.translateExceptionIfPossible(MyBatisExceptionTranslator.java:73)
	at org.mybatis.spring.SqlSessionTemplate$SqlSessionInterceptor.invoke(SqlSessionTemplate.java:371)
	at com.sun.proxy.$Proxy72.insert(Unknown Source)
	at org.mybatis.spring.SqlSessionTemplate.insert(SqlSessionTemplate.java:240)
	at org.apache.ibatis.binding.MapperMethod.execute(MapperMethod.java:46)
	at org.apache.ibatis.binding.MapperProxy.invoke(MapperProxy.java:43)
	at com.sun.proxy.$Proxy88.insert(Unknown Source)
	at com.essence.prescript.biz.base.impl.BaseLogServiceImpl.insertLog(BaseLogServiceImpl.java:29)
	at com.essence.prescript.service.base.BaseLogServiceImpl.insertLog(BaseLogServiceImpl.java:30)
	at com.alibaba.dubbo.common.bytecode.Wrapper11.invokeMethod(Wrapper11.java)
	at com.alibaba.dubbo.rpc.proxy.javassist.JavassistProxyFactory$1.doInvoke(JavassistProxyFactory.java:45)
	at com.alibaba.dubbo.rpc.proxy.AbstractProxyInvoker.invoke(AbstractProxyInvoker.java:71)
	at com.alibaba.dubbo.config.invoker.DelegateProviderMetaDataInvoker.invoke(DelegateProviderMetaDataInvoker.java:48)
	at com.alibaba.dubbo.rpc.protocol.InvokerWrapper.invoke(InvokerWrapper.java:52)
	at com.alibaba.dubbo.rpc.filter.ExceptionFilter.invoke(ExceptionFilter.java:61)
	at com.alibaba.dubbo.rpc.protocol.ProtocolFilterWrapper$1.invoke(ProtocolFilterWrapper.java:68)
	at com.alibaba.dubbo.monitor.support.MonitorFilter.invoke(MonitorFilter.java:74)
	at com.alibaba.dubbo.rpc.protocol.ProtocolFilterWrapper$1.invoke(ProtocolFilterWrapper.java:68)
	at com.alibaba.dubbo.rpc.filter.TimeoutFilter.invoke(TimeoutFilter.java:41)
	at com.alibaba.dubbo.rpc.protocol.ProtocolFilterWrapper$1.invoke(ProtocolFilterWrapper.java:68)
	at com.alibaba.dubbo.rpc.protocol.dubbo.filter.TraceFilter.invoke(TraceFilter.java:77)
	at com.alibaba.dubbo.rpc.protocol.ProtocolFilterWrapper$1.invoke(ProtocolFilterWrapper.java:68)
	at com.alibaba.dubbo.rpc.filter.ContextFilter.invoke(ContextFilter.java:71)
	at com.alibaba.dubbo.rpc.protocol.ProtocolFilterWrapper$1.invoke(ProtocolFilterWrapper.java:68)
	at com.alibaba.dubbo.rpc.filter.GenericFilter.invoke(GenericFilter.java:131)
	at com.alibaba.dubbo.rpc.protocol.ProtocolFilterWrapper$1.invoke(ProtocolFilterWrapper.java:68)
	at com.alibaba.dubbo.rpc.filter.ClassLoaderFilter.invoke(ClassLoaderFilter.java:37)
	at com.alibaba.dubbo.rpc.protocol.ProtocolFilterWrapper$1.invoke(ProtocolFilterWrapper.java:68)
	at com.alibaba.dubbo.rpc.filter.EchoFilter.invoke(EchoFilter.java:37)
	at com.alibaba.dubbo.rpc.protocol.ProtocolFilterWrapper$1.invoke(ProtocolFilterWrapper.java:68)
	at com.alibaba.dubbo.rpc.protocol.dubbo.DubboProtocol$1.reply(DubboProtocol.java:98)
	at com.alibaba.dubbo.remoting.exchange.support.header.HeaderExchangeHandler.handleRequest(HeaderExchangeHandler.java:96)
	at com.alibaba.dubbo.remoting.exchange.support.header.HeaderExchangeHandler.received(HeaderExchangeHandler.java:168)
	at com.alibaba.dubbo.remoting.transport.DecodeHandler.received(DecodeHandler.java:50)
	at com.alibaba.dubbo.remoting.transport.dispatcher.ChannelEventRunnable.run(ChannelEventRunnable.java:79)
	at java.util.concurrent.ThreadPoolExecutor.runWorker(ThreadPoolExecutor.java:1142)
	at java.util.concurrent.ThreadPoolExecutor$Worker.run(ThreadPoolExecutor.java:617)
	at java.lang.Thread.run(Thread.java:748)
Caused by: com.mysql.jdbc.MysqlDataTruncation: Data truncation: Data too long for column 'return_value' at row 1
	at com.mysql.jdbc.MysqlIO.checkErrorPacket(MysqlIO.java:4188)
	at com.mysql.jdbc.MysqlIO.checkErrorPacket(MysqlIO.java:4122)
	at com.mysql.jdbc.MysqlIO.sendCommand(MysqlIO.java:2570)
	at com.mysql.jdbc.MysqlIO.sqlQueryDirect(MysqlIO.java:2731)
	at com.mysql.jdbc.ConnectionImpl.execSQL(ConnectionImpl.java:2818)
	at com.mysql.jdbc.PreparedStatement.executeInternal(PreparedStatement.java:2157)
	at com.mysql.jdbc.PreparedStatement.execute(PreparedStatement.java:1379)
	at com.alibaba.druid.filter.FilterChainImpl.preparedStatement_execute(FilterChainImpl.java:3051)
	at com.alibaba.druid.filter.FilterEventAdapter.preparedStatement_execute(FilterEventAdapter.java:440)
	at com.alibaba.druid.filter.FilterChainImpl.preparedStatement_execute(FilterChainImpl.java:3049)
	at com.alibaba.druid.proxy.jdbc.PreparedStatementProxyImpl.execute(PreparedStatementProxyImpl.java:168)
	at com.alibaba.druid.pool.DruidPooledPreparedStatement.execute(DruidPooledPreparedStatement.java:494)
	at sun.reflect.GeneratedMethodAccessor442.invoke(Unknown Source)
	at sun.reflect.DelegatingMethodAccessorImpl.invoke(DelegatingMethodAccessorImpl.java:43)
	at java.lang.reflect.Method.invoke(Method.java:498)
	at org.apache.ibatis.logging.jdbc.PreparedStatementLogger.invoke(PreparedStatementLogger.java:55)
	at com.sun.proxy.$Proxy267.execute(Unknown Source)
	at org.apache.ibatis.executor.statement.PreparedStatementHandler.update(PreparedStatementHandler.java:41)
	at org.apache.ibatis.executor.statement.RoutingStatementHandler.update(RoutingStatementHandler.java:66)
	at org.apache.ibatis.executor.SimpleExecutor.doUpdate(SimpleExecutor.java:45)
	at org.apache.ibatis.executor.BaseExecutor.update(BaseExecutor.java:100)
	at org.apache.ibatis.executor.CachingExecutor.update(CachingExecutor.java:75)
	at sun.reflect.GeneratedMethodAccessor444.invoke(Unknown Source)
	at sun.reflect.DelegatingMethodAccessorImpl.invoke(DelegatingMethodAccessorImpl.java:43)
	at java.lang.reflect.Method.invoke(Method.java:498)
	at org.apache.ibatis.plugin.Plugin.invoke(Plugin.java:59)
	at com.sun.proxy.$Proxy265.update(Unknown Source)
	at org.apache.ibatis.session.defaults.DefaultSqlSession.update(DefaultSqlSession.java:148)
	at org.apache.ibatis.session.defaults.DefaultSqlSession.insert(DefaultSqlSession.java:137)
	at sun.reflect.GeneratedMethodAccessor500.invoke(Unknown Source)
	at sun.reflect.DelegatingMethodAccessorImpl.invoke(DelegatingMethodAccessorImpl.java:43)
	at java.lang.reflect.Method.invoke(Method.java:498)
	at org.mybatis.spring.SqlSessionTemplate$SqlSessionInterceptor.invoke(SqlSessionTemplate.java:358)
	... 36 more

[2018-12-09 15:54:20]-[ERROR]-[Thread: DubboServerHandler-172.18.4.16:20880-thread-198]-[com.alibaba.dubbo.rpc.filter.ExceptionFilter.invoke():84]:  [DUBBO] Got unchecked and undeclared exception which called by 172.18.4.12. service: com.essence.prescript.service.base.IBaseLogService, method: insertLog, exception: org.springframework.dao.DataIntegrityViolationException: 
### Error updating database.  Cause: com.mysql.jdbc.MysqlDataTruncation: Data truncation: Data too long for column 'return_value' at row 1
### The error may involve com.essence.prescript.mapping.base.BaseOperationLogMapper.insert-Inline
### The error occurred while setting parameters
### SQL: insert into base_operation_log (id, system_type, user_id,        method, method_desc, args,        return_value, invoke_time, run_time       )     values (?, ?, ?,        ?, ?, ?,        ?, ?, ?       )
### Cause: com.mysql.jdbc.MysqlDataTruncation: Data truncation: Data too long for column 'return_value' at row 1
; SQL []; Data truncation: Data too long for column 'return_value' at row 1; nested exception is com.mysql.jdbc.MysqlDataTruncation: Data truncation: Data too long for column 'return_value' at row 1, dubbo version: 2.6.0, current host: 172.18.4.16
org.springframework.dao.DataIntegrityViolationException: 
### Error updating database.  Cause: com.mysql.jdbc.MysqlDataTruncation: Data truncation: Data too long for column 'return_value' at row 1
### The error may involve com.essence.prescript.mapping.base.BaseOperationLogMapper.insert-Inline
### The error occurred while setting parameters
### SQL: insert into base_operation_log (id, system_type, user_id,        method, method_desc, args,        return_value, invoke_time, run_time       )     values (?, ?, ?,        ?, ?, ?,        ?, ?, ?       )
### Cause: com.mysql.jdbc.MysqlDataTruncation: Data truncation: Data too long for column 'return_value' at row 1
; SQL []; Data truncation: Data too long for column 'return_value' at row 1; nested exception is com.mysql.jdbc.MysqlDataTruncation: Data truncation: Data too long for column 'return_value' at row 1
	at org.springframework.jdbc.support.SQLStateSQLExceptionTranslator.doTranslate(SQLStateSQLExceptionTranslator.java:102)
	at org.springframework.jdbc.support.AbstractFallbackSQLExceptionTranslator.translate(AbstractFallbackSQLExceptionTranslator.java:73)
	at org.springframework.jdbc.support.AbstractFallbackSQLExceptionTranslator.translate(AbstractFallbackSQLExceptionTranslator.java:81)
	at org.springframework.jdbc.support.AbstractFallbackSQLExceptionTranslator.translate(AbstractFallbackSQLExceptionTranslator.java:81)
	at org.mybatis.spring.MyBatisExceptionTranslator.translateExceptionIfPossible(MyBatisExceptionTranslator.java:73)
	at org.mybatis.spring.SqlSessionTemplate$SqlSessionInterceptor.invoke(SqlSessionTemplate.java:371)
	at com.sun.proxy.$Proxy72.insert(Unknown Source)
	at org.mybatis.spring.SqlSessionTemplate.insert(SqlSessionTemplate.java:240)
	at org.apache.ibatis.binding.MapperMethod.execute(MapperMethod.java:46)
	at org.apache.ibatis.binding.MapperProxy.invoke(MapperProxy.java:43)
	at com.sun.proxy.$Proxy88.insert(Unknown Source)
	at com.essence.prescript.biz.base.impl.BaseLogServiceImpl.insertLog(BaseLogServiceImpl.java:29)
	at com.essence.prescript.service.base.BaseLogServiceImpl.insertLog(BaseLogServiceImpl.java:30)
	at com.alibaba.dubbo.common.bytecode.Wrapper11.invokeMethod(Wrapper11.java)
	at com.alibaba.dubbo.rpc.proxy.javassist.JavassistProxyFactory$1.doInvoke(JavassistProxyFactory.java:45)
	at com.alibaba.dubbo.rpc.proxy.AbstractProxyInvoker.invoke(AbstractProxyInvoker.java:71)
	at com.alibaba.dubbo.config.invoker.DelegateProviderMetaDataInvoker.invoke(DelegateProviderMetaDataInvoker.java:48)
	at com.alibaba.dubbo.rpc.protocol.InvokerWrapper.invoke(InvokerWrapper.java:52)
	at com.alibaba.dubbo.rpc.filter.ExceptionFilter.invoke(ExceptionFilter.java:61)
	at com.alibaba.dubbo.rpc.protocol.ProtocolFilterWrapper$1.invoke(ProtocolFilterWrapper.java:68)
	at com.alibaba.dubbo.monitor.support.MonitorFilter.invoke(MonitorFilter.java:74)
	at com.alibaba.dubbo.rpc.protocol.ProtocolFilterWrapper$1.invoke(ProtocolFilterWrapper.java:68)
	at com.alibaba.dubbo.rpc.filter.TimeoutFilter.invoke(TimeoutFilter.java:41)
	at com.alibaba.dubbo.rpc.protocol.ProtocolFilterWrapper$1.invoke(ProtocolFilterWrapper.java:68)
	at com.alibaba.dubbo.rpc.protocol.dubbo.filter.TraceFilter.invoke(TraceFilter.java:77)
	at com.alibaba.dubbo.rpc.protocol.ProtocolFilterWrapper$1.invoke(ProtocolFilterWrapper.java:68)
	at com.alibaba.dubbo.rpc.filter.ContextFilter.invoke(ContextFilter.java:71)
	at com.alibaba.dubbo.rpc.protocol.ProtocolFilterWrapper$1.invoke(ProtocolFilterWrapper.java:68)
	at com.alibaba.dubbo.rpc.filter.GenericFilter.invoke(GenericFilter.java:131)
	at com.alibaba.dubbo.rpc.protocol.ProtocolFilterWrapper$1.invoke(ProtocolFilterWrapper.java:68)
	at com.alibaba.dubbo.rpc.filter.ClassLoaderFilter.invoke(ClassLoaderFilter.java:37)
	at com.alibaba.dubbo.rpc.protocol.ProtocolFilterWrapper$1.invoke(ProtocolFilterWrapper.java:68)
	at com.alibaba.dubbo.rpc.filter.EchoFilter.invoke(EchoFilter.java:37)
	at com.alibaba.dubbo.rpc.protocol.ProtocolFilterWrapper$1.invoke(ProtocolFilterWrapper.java:68)
	at com.alibaba.dubbo.rpc.protocol.dubbo.DubboProtocol$1.reply(DubboProtocol.java:98)
	at com.alibaba.dubbo.remoting.exchange.support.header.HeaderExchangeHandler.handleRequest(HeaderExchangeHandler.java:96)
	at com.alibaba.dubbo.remoting.exchange.support.header.HeaderExchangeHandler.received(HeaderExchangeHandler.java:168)
	at com.alibaba.dubbo.remoting.transport.DecodeHandler.received(DecodeHandler.java:50)
	at com.alibaba.dubbo.remoting.transport.dispatcher.ChannelEventRunnable.run(ChannelEventRunnable.java:79)
	at java.util.concurrent.ThreadPoolExecutor.runWorker(ThreadPoolExecutor.java:1142)
	at java.util.concurrent.ThreadPoolExecutor$Worker.run(ThreadPoolExecutor.java:617)
	at java.lang.Thread.run(Thread.java:748)
Caused by: com.mysql.jdbc.MysqlDataTruncation: Data truncation: Data too long for column 'return_value' at row 1
	at com.mysql.jdbc.MysqlIO.checkErrorPacket(MysqlIO.java:4188)
	at com.mysql.jdbc.MysqlIO.checkErrorPacket(MysqlIO.java:4122)
	at com.mysql.jdbc.MysqlIO.sendCommand(MysqlIO.java:2570)
	at com.mysql.jdbc.MysqlIO.sqlQueryDirect(MysqlIO.java:2731)
	at com.mysql.jdbc.ConnectionImpl.execSQL(ConnectionImpl.java:2818)
	at com.mysql.jdbc.PreparedStatement.executeInternal(PreparedStatement.java:2157)
	at com.mysql.jdbc.PreparedStatement.execute(PreparedStatement.java:1379)
	at com.alibaba.druid.filter.FilterChainImpl.preparedStatement_execute(FilterChainImpl.java:3051)
	at com.alibaba.druid.filter.FilterEventAdapter.preparedStatement_execute(FilterEventAdapter.java:440)
	at com.alibaba.druid.filter.FilterChainImpl.preparedStatement_execute(FilterChainImpl.java:3049)
	at com.alibaba.druid.proxy.jdbc.PreparedStatementProxyImpl.execute(PreparedStatementProxyImpl.java:168)
	at com.alibaba.druid.pool.DruidPooledPreparedStatement.execute(DruidPooledPreparedStatement.java:494)
	at sun.reflect.GeneratedMethodAccessor442.invoke(Unknown Source)
	at sun.reflect.DelegatingMethodAccessorImpl.invoke(DelegatingMethodAccessorImpl.java:43)
	at java.lang.reflect.Method.invoke(Method.java:498)
	at org.apache.ibatis.logging.jdbc.PreparedStatementLogger.invoke(PreparedStatementLogger.java:55)
	at com.sun.proxy.$Proxy267.execute(Unknown Source)
	at org.apache.ibatis.executor.statement.PreparedStatementHandler.update(PreparedStatementHandler.java:41)
	at org.apache.ibatis.executor.statement.RoutingStatementHandler.update(RoutingStatementHandler.java:66)
	at org.apache.ibatis.executor.SimpleExecutor.doUpdate(SimpleExecutor.java:45)
	at org.apache.ibatis.executor.BaseExecutor.update(BaseExecutor.java:100)
	at org.apache.ibatis.executor.CachingExecutor.update(CachingExecutor.java:75)
	at sun.reflect.GeneratedMethodAccessor444.invoke(Unknown Source)
	at sun.reflect.DelegatingMethodAccessorImpl.invoke(DelegatingMethodAccessorImpl.java:43)
	at java.lang.reflect.Method.invoke(Method.java:498)
	at org.apache.ibatis.plugin.Plugin.invoke(Plugin.java:59)
	at com.sun.proxy.$Proxy265.update(Unknown Source)
	at org.apache.ibatis.session.defaults.DefaultSqlSession.update(DefaultSqlSession.java:148)
	at org.apache.ibatis.session.defaults.DefaultSqlSession.insert(DefaultSqlSession.java:137)
	at sun.reflect.GeneratedMethodAccessor500.invoke(Unknown Source)
	at sun.reflect.DelegatingMethodAccessorImpl.invoke(DelegatingMethodAccessorImpl.java:43)
	at java.lang.reflect.Method.invoke(Method.java:498)
	at org.mybatis.spring.SqlSessionTemplate$SqlSessionInterceptor.invoke(SqlSessionTemplate.java:358)
	... 36 more

[2018-12-09 15:58:00]-[ERROR]-[Thread: DubboServerHandler-172.18.4.16:20880-thread-199]-[com.alibaba.dubbo.rpc.filter.ExceptionFilter.invoke():84]:  [DUBBO] Got unchecked and undeclared exception which called by 172.18.4.12. service: com.essence.prescript.service.base.IBaseLogService, method: insertLog, exception: org.springframework.dao.DataIntegrityViolationException: 
### Error updating database.  Cause: com.mysql.jdbc.MysqlDataTruncation: Data truncation: Data too long for column 'return_value' at row 1
### The error may involve com.essence.prescript.mapping.base.BaseOperationLogMapper.insert-Inline
### The error occurred while setting parameters
### SQL: insert into base_operation_log (id, system_type, user_id,        method, method_desc, args,        return_value, invoke_time, run_time       )     values (?, ?, ?,        ?, ?, ?,        ?, ?, ?       )
### Cause: com.mysql.jdbc.MysqlDataTruncation: Data truncation: Data too long for column 'return_value' at row 1
; SQL []; Data truncation: Data too long for column 'return_value' at row 1; nested exception is com.mysql.jdbc.MysqlDataTruncation: Data truncation: Data too long for column 'return_value' at row 1, dubbo version: 2.6.0, current host: 172.18.4.16
org.springframework.dao.DataIntegrityViolationException: 
### Error updating database.  Cause: com.mysql.jdbc.MysqlDataTruncation: Data truncation: Data too long for column 'return_value' at row 1
### The error may involve com.essence.prescript.mapping.base.BaseOperationLogMapper.insert-Inline
### The error occurred while setting parameters
### SQL: insert into base_operation_log (id, system_type, user_id,        method, method_desc, args,        return_value, invoke_time, run_time       )     values (?, ?, ?,        ?, ?, ?,        ?, ?, ?       )
### Cause: com.mysql.jdbc.MysqlDataTruncation: Data truncation: Data too long for column 'return_value' at row 1
; SQL []; Data truncation: Data too long for column 'return_value' at row 1; nested exception is com.mysql.jdbc.MysqlDataTruncation: Data truncation: Data too long for column 'return_value' at row 1
	at org.springframework.jdbc.support.SQLStateSQLExceptionTranslator.doTranslate(SQLStateSQLExceptionTranslator.java:102)
	at org.springframework.jdbc.support.AbstractFallbackSQLExceptionTranslator.translate(AbstractFallbackSQLExceptionTranslator.java:73)
	at org.springframework.jdbc.support.AbstractFallbackSQLExceptionTranslator.translate(AbstractFallbackSQLExceptionTranslator.java:81)
	at org.springframework.jdbc.support.AbstractFallbackSQLExceptionTranslator.translate(AbstractFallbackSQLExceptionTranslator.java:81)
	at org.mybatis.spring.MyBatisExceptionTranslator.translateExceptionIfPossible(MyBatisExceptionTranslator.java:73)
	at org.mybatis.spring.SqlSessionTemplate$SqlSessionInterceptor.invoke(SqlSessionTemplate.java:371)
	at com.sun.proxy.$Proxy72.insert(Unknown Source)
	at org.mybatis.spring.SqlSessionTemplate.insert(SqlSessionTemplate.java:240)
	at org.apache.ibatis.binding.MapperMethod.execute(MapperMethod.java:46)
	at org.apache.ibatis.binding.MapperProxy.invoke(MapperProxy.java:43)
	at com.sun.proxy.$Proxy88.insert(Unknown Source)
	at com.essence.prescript.biz.base.impl.BaseLogServiceImpl.insertLog(BaseLogServiceImpl.java:29)
	at com.essence.prescript.service.base.BaseLogServiceImpl.insertLog(BaseLogServiceImpl.java:30)
	at com.alibaba.dubbo.common.bytecode.Wrapper11.invokeMethod(Wrapper11.java)
	at com.alibaba.dubbo.rpc.proxy.javassist.JavassistProxyFactory$1.doInvoke(JavassistProxyFactory.java:45)
	at com.alibaba.dubbo.rpc.proxy.AbstractProxyInvoker.invoke(AbstractProxyInvoker.java:71)
	at com.alibaba.dubbo.config.invoker.DelegateProviderMetaDataInvoker.invoke(DelegateProviderMetaDataInvoker.java:48)
	at com.alibaba.dubbo.rpc.protocol.InvokerWrapper.invoke(InvokerWrapper.java:52)
	at com.alibaba.dubbo.rpc.filter.ExceptionFilter.invoke(ExceptionFilter.java:61)
	at com.alibaba.dubbo.rpc.protocol.ProtocolFilterWrapper$1.invoke(ProtocolFilterWrapper.java:68)
	at com.alibaba.dubbo.monitor.support.MonitorFilter.invoke(MonitorFilter.java:74)
	at com.alibaba.dubbo.rpc.protocol.ProtocolFilterWrapper$1.invoke(ProtocolFilterWrapper.java:68)
	at com.alibaba.dubbo.rpc.filter.TimeoutFilter.invoke(TimeoutFilter.java:41)
	at com.alibaba.dubbo.rpc.protocol.ProtocolFilterWrapper$1.invoke(ProtocolFilterWrapper.java:68)
	at com.alibaba.dubbo.rpc.protocol.dubbo.filter.TraceFilter.invoke(TraceFilter.java:77)
	at com.alibaba.dubbo.rpc.protocol.ProtocolFilterWrapper$1.invoke(ProtocolFilterWrapper.java:68)
	at com.alibaba.dubbo.rpc.filter.ContextFilter.invoke(ContextFilter.java:71)
	at com.alibaba.dubbo.rpc.protocol.ProtocolFilterWrapper$1.invoke(ProtocolFilterWrapper.java:68)
	at com.alibaba.dubbo.rpc.filter.GenericFilter.invoke(GenericFilter.java:131)
	at com.alibaba.dubbo.rpc.protocol.ProtocolFilterWrapper$1.invoke(ProtocolFilterWrapper.java:68)
	at com.alibaba.dubbo.rpc.filter.ClassLoaderFilter.invoke(ClassLoaderFilter.java:37)
	at com.alibaba.dubbo.rpc.protocol.ProtocolFilterWrapper$1.invoke(ProtocolFilterWrapper.java:68)
	at com.alibaba.dubbo.rpc.filter.EchoFilter.invoke(EchoFilter.java:37)
	at com.alibaba.dubbo.rpc.protocol.ProtocolFilterWrapper$1.invoke(ProtocolFilterWrapper.java:68)
	at com.alibaba.dubbo.rpc.protocol.dubbo.DubboProtocol$1.reply(DubboProtocol.java:98)
	at com.alibaba.dubbo.remoting.exchange.support.header.HeaderExchangeHandler.handleRequest(HeaderExchangeHandler.java:96)
	at com.alibaba.dubbo.remoting.exchange.support.header.HeaderExchangeHandler.received(HeaderExchangeHandler.java:168)
	at com.alibaba.dubbo.remoting.transport.DecodeHandler.received(DecodeHandler.java:50)
	at com.alibaba.dubbo.remoting.transport.dispatcher.ChannelEventRunnable.run(ChannelEventRunnable.java:79)
	at java.util.concurrent.ThreadPoolExecutor.runWorker(ThreadPoolExecutor.java:1142)
	at java.util.concurrent.ThreadPoolExecutor$Worker.run(ThreadPoolExecutor.java:617)
	at java.lang.Thread.run(Thread.java:748)
Caused by: com.mysql.jdbc.MysqlDataTruncation: Data truncation: Data too long for column 'return_value' at row 1
	at com.mysql.jdbc.MysqlIO.checkErrorPacket(MysqlIO.java:4188)
	at com.mysql.jdbc.MysqlIO.checkErrorPacket(MysqlIO.java:4122)
	at com.mysql.jdbc.MysqlIO.sendCommand(MysqlIO.java:2570)
	at com.mysql.jdbc.MysqlIO.sqlQueryDirect(MysqlIO.java:2731)
	at com.mysql.jdbc.ConnectionImpl.execSQL(ConnectionImpl.java:2818)
	at com.mysql.jdbc.PreparedStatement.executeInternal(PreparedStatement.java:2157)
	at com.mysql.jdbc.PreparedStatement.execute(PreparedStatement.java:1379)
	at com.alibaba.druid.filter.FilterChainImpl.preparedStatement_execute(FilterChainImpl.java:3051)
	at com.alibaba.druid.filter.FilterEventAdapter.preparedStatement_execute(FilterEventAdapter.java:440)
	at com.alibaba.druid.filter.FilterChainImpl.preparedStatement_execute(FilterChainImpl.java:3049)
	at com.alibaba.druid.proxy.jdbc.PreparedStatementProxyImpl.execute(PreparedStatementProxyImpl.java:168)
	at com.alibaba.druid.pool.DruidPooledPreparedStatement.execute(DruidPooledPreparedStatement.java:494)
	at sun.reflect.GeneratedMethodAccessor442.invoke(Unknown Source)
	at sun.reflect.DelegatingMethodAccessorImpl.invoke(DelegatingMethodAccessorImpl.java:43)
	at java.lang.reflect.Method.invoke(Method.java:498)
	at org.apache.ibatis.logging.jdbc.PreparedStatementLogger.invoke(PreparedStatementLogger.java:55)
	at com.sun.proxy.$Proxy267.execute(Unknown Source)
	at org.apache.ibatis.executor.statement.PreparedStatementHandler.update(PreparedStatementHandler.java:41)
	at org.apache.ibatis.executor.statement.RoutingStatementHandler.update(RoutingStatementHandler.java:66)
	at org.apache.ibatis.executor.SimpleExecutor.doUpdate(SimpleExecutor.java:45)
	at org.apache.ibatis.executor.BaseExecutor.update(BaseExecutor.java:100)
	at org.apache.ibatis.executor.CachingExecutor.update(CachingExecutor.java:75)
	at sun.reflect.GeneratedMethodAccessor444.invoke(Unknown Source)
	at sun.reflect.DelegatingMethodAccessorImpl.invoke(DelegatingMethodAccessorImpl.java:43)
	at java.lang.reflect.Method.invoke(Method.java:498)
	at org.apache.ibatis.plugin.Plugin.invoke(Plugin.java:59)
	at com.sun.proxy.$Proxy265.update(Unknown Source)
	at org.apache.ibatis.session.defaults.DefaultSqlSession.update(DefaultSqlSession.java:148)
	at org.apache.ibatis.session.defaults.DefaultSqlSession.insert(DefaultSqlSession.java:137)
	at sun.reflect.GeneratedMethodAccessor500.invoke(Unknown Source)
	at sun.reflect.DelegatingMethodAccessorImpl.invoke(DelegatingMethodAccessorImpl.java:43)
	at java.lang.reflect.Method.invoke(Method.java:498)
	at org.mybatis.spring.SqlSessionTemplate$SqlSessionInterceptor.invoke(SqlSessionTemplate.java:358)
	... 36 more

[2018-12-09 15:59:03]-[ERROR]-[Thread: DubboServerHandler-172.18.4.16:20880-thread-200]-[com.alibaba.dubbo.rpc.filter.ExceptionFilter.invoke():84]:  [DUBBO] Got unchecked and undeclared exception which called by 172.18.4.12. service: com.essence.prescript.service.base.IBaseLogService, method: insertLog, exception: org.springframework.dao.DataIntegrityViolationException: 
### Error updating database.  Cause: com.mysql.jdbc.MysqlDataTruncation: Data truncation: Data too long for column 'return_value' at row 1
### The error may involve com.essence.prescript.mapping.base.BaseOperationLogMapper.insert-Inline
### The error occurred while setting parameters
### SQL: insert into base_operation_log (id, system_type, user_id,        method, method_desc, args,        return_value, invoke_time, run_time       )     values (?, ?, ?,        ?, ?, ?,        ?, ?, ?       )
### Cause: com.mysql.jdbc.MysqlDataTruncation: Data truncation: Data too long for column 'return_value' at row 1
; SQL []; Data truncation: Data too long for column 'return_value' at row 1; nested exception is com.mysql.jdbc.MysqlDataTruncation: Data truncation: Data too long for column 'return_value' at row 1, dubbo version: 2.6.0, current host: 172.18.4.16
org.springframework.dao.DataIntegrityViolationException: 
### Error updating database.  Cause: com.mysql.jdbc.MysqlDataTruncation: Data truncation: Data too long for column 'return_value' at row 1
### The error may involve com.essence.prescript.mapping.base.BaseOperationLogMapper.insert-Inline
### The error occurred while setting parameters
### SQL: insert into base_operation_log (id, system_type, user_id,        method, method_desc, args,        return_value, invoke_time, run_time       )     values (?, ?, ?,        ?, ?, ?,        ?, ?, ?       )
### Cause: com.mysql.jdbc.MysqlDataTruncation: Data truncation: Data too long for column 'return_value' at row 1
; SQL []; Data truncation: Data too long for column 'return_value' at row 1; nested exception is com.mysql.jdbc.MysqlDataTruncation: Data truncation: Data too long for column 'return_value' at row 1
	at org.springframework.jdbc.support.SQLStateSQLExceptionTranslator.doTranslate(SQLStateSQLExceptionTranslator.java:102)
	at org.springframework.jdbc.support.AbstractFallbackSQLExceptionTranslator.translate(AbstractFallbackSQLExceptionTranslator.java:73)
	at org.springframework.jdbc.support.AbstractFallbackSQLExceptionTranslator.translate(AbstractFallbackSQLExceptionTranslator.java:81)
	at org.springframework.jdbc.support.AbstractFallbackSQLExceptionTranslator.translate(AbstractFallbackSQLExceptionTranslator.java:81)
	at org.mybatis.spring.MyBatisExceptionTranslator.translateExceptionIfPossible(MyBatisExceptionTranslator.java:73)
	at org.mybatis.spring.SqlSessionTemplate$SqlSessionInterceptor.invoke(SqlSessionTemplate.java:371)
	at com.sun.proxy.$Proxy72.insert(Unknown Source)
	at org.mybatis.spring.SqlSessionTemplate.insert(SqlSessionTemplate.java:240)
	at org.apache.ibatis.binding.MapperMethod.execute(MapperMethod.java:46)
	at org.apache.ibatis.binding.MapperProxy.invoke(MapperProxy.java:43)
	at com.sun.proxy.$Proxy88.insert(Unknown Source)
	at com.essence.prescript.biz.base.impl.BaseLogServiceImpl.insertLog(BaseLogServiceImpl.java:29)
	at com.essence.prescript.service.base.BaseLogServiceImpl.insertLog(BaseLogServiceImpl.java:30)
	at com.alibaba.dubbo.common.bytecode.Wrapper11.invokeMethod(Wrapper11.java)
	at com.alibaba.dubbo.rpc.proxy.javassist.JavassistProxyFactory$1.doInvoke(JavassistProxyFactory.java:45)
	at com.alibaba.dubbo.rpc.proxy.AbstractProxyInvoker.invoke(AbstractProxyInvoker.java:71)
	at com.alibaba.dubbo.config.invoker.DelegateProviderMetaDataInvoker.invoke(DelegateProviderMetaDataInvoker.java:48)
	at com.alibaba.dubbo.rpc.protocol.InvokerWrapper.invoke(InvokerWrapper.java:52)
	at com.alibaba.dubbo.rpc.filter.ExceptionFilter.invoke(ExceptionFilter.java:61)
	at com.alibaba.dubbo.rpc.protocol.ProtocolFilterWrapper$1.invoke(ProtocolFilterWrapper.java:68)
	at com.alibaba.dubbo.monitor.support.MonitorFilter.invoke(MonitorFilter.java:74)
	at com.alibaba.dubbo.rpc.protocol.ProtocolFilterWrapper$1.invoke(ProtocolFilterWrapper.java:68)
	at com.alibaba.dubbo.rpc.filter.TimeoutFilter.invoke(TimeoutFilter.java:41)
	at com.alibaba.dubbo.rpc.protocol.ProtocolFilterWrapper$1.invoke(ProtocolFilterWrapper.java:68)
	at com.alibaba.dubbo.rpc.protocol.dubbo.filter.TraceFilter.invoke(TraceFilter.java:77)
	at com.alibaba.dubbo.rpc.protocol.ProtocolFilterWrapper$1.invoke(ProtocolFilterWrapper.java:68)
	at com.alibaba.dubbo.rpc.filter.ContextFilter.invoke(ContextFilter.java:71)
	at com.alibaba.dubbo.rpc.protocol.ProtocolFilterWrapper$1.invoke(ProtocolFilterWrapper.java:68)
	at com.alibaba.dubbo.rpc.filter.GenericFilter.invoke(GenericFilter.java:131)
	at com.alibaba.dubbo.rpc.protocol.ProtocolFilterWrapper$1.invoke(ProtocolFilterWrapper.java:68)
	at com.alibaba.dubbo.rpc.filter.ClassLoaderFilter.invoke(ClassLoaderFilter.java:37)
	at com.alibaba.dubbo.rpc.protocol.ProtocolFilterWrapper$1.invoke(ProtocolFilterWrapper.java:68)
	at com.alibaba.dubbo.rpc.filter.EchoFilter.invoke(EchoFilter.java:37)
	at com.alibaba.dubbo.rpc.protocol.ProtocolFilterWrapper$1.invoke(ProtocolFilterWrapper.java:68)
	at com.alibaba.dubbo.rpc.protocol.dubbo.DubboProtocol$1.reply(DubboProtocol.java:98)
	at com.alibaba.dubbo.remoting.exchange.support.header.HeaderExchangeHandler.handleRequest(HeaderExchangeHandler.java:96)
	at com.alibaba.dubbo.remoting.exchange.support.header.HeaderExchangeHandler.received(HeaderExchangeHandler.java:168)
	at com.alibaba.dubbo.remoting.transport.DecodeHandler.received(DecodeHandler.java:50)
	at com.alibaba.dubbo.remoting.transport.dispatcher.ChannelEventRunnable.run(ChannelEventRunnable.java:79)
	at java.util.concurrent.ThreadPoolExecutor.runWorker(ThreadPoolExecutor.java:1142)
	at java.util.concurrent.ThreadPoolExecutor$Worker.run(ThreadPoolExecutor.java:617)
	at java.lang.Thread.run(Thread.java:748)
Caused by: com.mysql.jdbc.MysqlDataTruncation: Data truncation: Data too long for column 'return_value' at row 1
	at com.mysql.jdbc.MysqlIO.checkErrorPacket(MysqlIO.java:4188)
	at com.mysql.jdbc.MysqlIO.checkErrorPacket(MysqlIO.java:4122)
	at com.mysql.jdbc.MysqlIO.sendCommand(MysqlIO.java:2570)
	at com.mysql.jdbc.MysqlIO.sqlQueryDirect(MysqlIO.java:2731)
	at com.mysql.jdbc.ConnectionImpl.execSQL(ConnectionImpl.java:2818)
	at com.mysql.jdbc.PreparedStatement.executeInternal(PreparedStatement.java:2157)
	at com.mysql.jdbc.PreparedStatement.execute(PreparedStatement.java:1379)
	at com.alibaba.druid.filter.FilterChainImpl.preparedStatement_execute(FilterChainImpl.java:3051)
	at com.alibaba.druid.filter.FilterEventAdapter.preparedStatement_execute(FilterEventAdapter.java:440)
	at com.alibaba.druid.filter.FilterChainImpl.preparedStatement_execute(FilterChainImpl.java:3049)
	at com.alibaba.druid.proxy.jdbc.PreparedStatementProxyImpl.execute(PreparedStatementProxyImpl.java:168)
	at com.alibaba.druid.pool.DruidPooledPreparedStatement.execute(DruidPooledPreparedStatement.java:494)
	at sun.reflect.GeneratedMethodAccessor442.invoke(Unknown Source)
	at sun.reflect.DelegatingMethodAccessorImpl.invoke(DelegatingMethodAccessorImpl.java:43)
	at java.lang.reflect.Method.invoke(Method.java:498)
	at org.apache.ibatis.logging.jdbc.PreparedStatementLogger.invoke(PreparedStatementLogger.java:55)
	at com.sun.proxy.$Proxy267.execute(Unknown Source)
	at org.apache.ibatis.executor.statement.PreparedStatementHandler.update(PreparedStatementHandler.java:41)
	at org.apache.ibatis.executor.statement.RoutingStatementHandler.update(RoutingStatementHandler.java:66)
	at org.apache.ibatis.executor.SimpleExecutor.doUpdate(SimpleExecutor.java:45)
	at org.apache.ibatis.executor.BaseExecutor.update(BaseExecutor.java:100)
	at org.apache.ibatis.executor.CachingExecutor.update(CachingExecutor.java:75)
	at sun.reflect.GeneratedMethodAccessor444.invoke(Unknown Source)
	at sun.reflect.DelegatingMethodAccessorImpl.invoke(DelegatingMethodAccessorImpl.java:43)
	at java.lang.reflect.Method.invoke(Method.java:498)
	at org.apache.ibatis.plugin.Plugin.invoke(Plugin.java:59)
	at com.sun.proxy.$Proxy265.update(Unknown Source)
	at org.apache.ibatis.session.defaults.DefaultSqlSession.update(DefaultSqlSession.java:148)
	at org.apache.ibatis.session.defaults.DefaultSqlSession.insert(DefaultSqlSession.java:137)
	at sun.reflect.GeneratedMethodAccessor500.invoke(Unknown Source)
	at sun.reflect.DelegatingMethodAccessorImpl.invoke(DelegatingMethodAccessorImpl.java:43)
	at java.lang.reflect.Method.invoke(Method.java:498)
	at org.mybatis.spring.SqlSessionTemplate$SqlSessionInterceptor.invoke(SqlSessionTemplate.java:358)
	... 36 more

[2018-12-09 16:05:25]-[ERROR]-[Thread: DubboServerHandler-172.18.4.16:20880-thread-198]-[com.alibaba.dubbo.rpc.filter.ExceptionFilter.invoke():84]:  [DUBBO] Got unchecked and undeclared exception which called by 172.18.4.12. service: com.essence.prescript.service.doctor.IDoctorInfoService, method: getDoctorList, exception: java.lang.IllegalArgumentException: fromIndex(30) > toIndex(0), dubbo version: 2.6.0, current host: 172.18.4.16
java.lang.IllegalArgumentException: fromIndex(30) > toIndex(0)
	at java.util.ArrayList.subListRangeCheck(ArrayList.java:1006)
	at java.util.ArrayList.subList(ArrayList.java:996)
	at com.essence.prescript.biz.doctor.impl.DoctorInfoServiceImpl.buildPageInfo(DoctorInfoServiceImpl.java:286)
	at com.essence.prescript.biz.doctor.impl.DoctorInfoServiceImpl.getDoctorList(DoctorInfoServiceImpl.java:221)
	at sun.reflect.NativeMethodAccessorImpl.invoke0(Native Method)
	at sun.reflect.NativeMethodAccessorImpl.invoke(NativeMethodAccessorImpl.java:62)
	at sun.reflect.DelegatingMethodAccessorImpl.invoke(DelegatingMethodAccessorImpl.java:43)
	at java.lang.reflect.Method.invoke(Method.java:498)
	at org.springframework.aop.support.AopUtils.invokeJoinpointUsingReflection(AopUtils.java:333)
	at org.springframework.aop.framework.JdkDynamicAopProxy.invoke(JdkDynamicAopProxy.java:207)
	at com.sun.proxy.$Proxy160.getDoctorList(Unknown Source)
	at com.essence.prescript.service.doctor.DoctorInfoServiceImpl.getDoctorList(DoctorInfoServiceImpl.java:33)
	at com.alibaba.dubbo.common.bytecode.Wrapper27.invokeMethod(Wrapper27.java)
	at com.alibaba.dubbo.rpc.proxy.javassist.JavassistProxyFactory$1.doInvoke(JavassistProxyFactory.java:45)
	at com.alibaba.dubbo.rpc.proxy.AbstractProxyInvoker.invoke(AbstractProxyInvoker.java:71)
	at com.alibaba.dubbo.config.invoker.DelegateProviderMetaDataInvoker.invoke(DelegateProviderMetaDataInvoker.java:48)
	at com.alibaba.dubbo.rpc.protocol.InvokerWrapper.invoke(InvokerWrapper.java:52)
	at com.alibaba.dubbo.rpc.filter.ExceptionFilter.invoke(ExceptionFilter.java:61)
	at com.alibaba.dubbo.rpc.protocol.ProtocolFilterWrapper$1.invoke(ProtocolFilterWrapper.java:68)
	at com.alibaba.dubbo.monitor.support.MonitorFilter.invoke(MonitorFilter.java:74)
	at com.alibaba.dubbo.rpc.protocol.ProtocolFilterWrapper$1.invoke(ProtocolFilterWrapper.java:68)
	at com.alibaba.dubbo.rpc.filter.TimeoutFilter.invoke(TimeoutFilter.java:41)
	at com.alibaba.dubbo.rpc.protocol.ProtocolFilterWrapper$1.invoke(ProtocolFilterWrapper.java:68)
	at com.alibaba.dubbo.rpc.protocol.dubbo.filter.TraceFilter.invoke(TraceFilter.java:77)
	at com.alibaba.dubbo.rpc.protocol.ProtocolFilterWrapper$1.invoke(ProtocolFilterWrapper.java:68)
	at com.alibaba.dubbo.rpc.filter.ContextFilter.invoke(ContextFilter.java:71)
	at com.alibaba.dubbo.rpc.protocol.ProtocolFilterWrapper$1.invoke(ProtocolFilterWrapper.java:68)
	at com.alibaba.dubbo.rpc.filter.GenericFilter.invoke(GenericFilter.java:131)
	at com.alibaba.dubbo.rpc.protocol.ProtocolFilterWrapper$1.invoke(ProtocolFilterWrapper.java:68)
	at com.alibaba.dubbo.rpc.filter.ClassLoaderFilter.invoke(ClassLoaderFilter.java:37)
	at com.alibaba.dubbo.rpc.protocol.ProtocolFilterWrapper$1.invoke(ProtocolFilterWrapper.java:68)
	at com.alibaba.dubbo.rpc.filter.EchoFilter.invoke(EchoFilter.java:37)
	at com.alibaba.dubbo.rpc.protocol.ProtocolFilterWrapper$1.invoke(ProtocolFilterWrapper.java:68)
	at com.alibaba.dubbo.rpc.protocol.dubbo.DubboProtocol$1.reply(DubboProtocol.java:98)
	at com.alibaba.dubbo.remoting.exchange.support.header.HeaderExchangeHandler.handleRequest(HeaderExchangeHandler.java:96)
	at com.alibaba.dubbo.remoting.exchange.support.header.HeaderExchangeHandler.received(HeaderExchangeHandler.java:168)
	at com.alibaba.dubbo.remoting.transport.DecodeHandler.received(DecodeHandler.java:50)
	at com.alibaba.dubbo.remoting.transport.dispatcher.ChannelEventRunnable.run(ChannelEventRunnable.java:79)
	at java.util.concurrent.ThreadPoolExecutor.runWorker(ThreadPoolExecutor.java:1142)
	at java.util.concurrent.ThreadPoolExecutor$Worker.run(ThreadPoolExecutor.java:617)
	at java.lang.Thread.run(Thread.java:748)

[2018-12-09 16:05:27]-[ERROR]-[Thread: DubboServerHandler-172.18.4.16:20880-thread-198]-[com.alibaba.dubbo.rpc.filter.ExceptionFilter.invoke():84]:  [DUBBO] Got unchecked and undeclared exception which called by 172.18.4.12. service: com.essence.prescript.service.doctor.IDoctorInfoService, method: getDoctorList, exception: java.lang.IllegalArgumentException: fromIndex(30) > toIndex(1), dubbo version: 2.6.0, current host: 172.18.4.16
java.lang.IllegalArgumentException: fromIndex(30) > toIndex(1)
	at java.util.ArrayList.subListRangeCheck(ArrayList.java:1006)
	at java.util.ArrayList.subList(ArrayList.java:996)
	at com.essence.prescript.biz.doctor.impl.DoctorInfoServiceImpl.buildPageInfo(DoctorInfoServiceImpl.java:286)
	at com.essence.prescript.biz.doctor.impl.DoctorInfoServiceImpl.getDoctorList(DoctorInfoServiceImpl.java:221)
	at sun.reflect.NativeMethodAccessorImpl.invoke0(Native Method)
	at sun.reflect.NativeMethodAccessorImpl.invoke(NativeMethodAccessorImpl.java:62)
	at sun.reflect.DelegatingMethodAccessorImpl.invoke(DelegatingMethodAccessorImpl.java:43)
	at java.lang.reflect.Method.invoke(Method.java:498)
	at org.springframework.aop.support.AopUtils.invokeJoinpointUsingReflection(AopUtils.java:333)
	at org.springframework.aop.framework.JdkDynamicAopProxy.invoke(JdkDynamicAopProxy.java:207)
	at com.sun.proxy.$Proxy160.getDoctorList(Unknown Source)
	at com.essence.prescript.service.doctor.DoctorInfoServiceImpl.getDoctorList(DoctorInfoServiceImpl.java:33)
	at com.alibaba.dubbo.common.bytecode.Wrapper27.invokeMethod(Wrapper27.java)
	at com.alibaba.dubbo.rpc.proxy.javassist.JavassistProxyFactory$1.doInvoke(JavassistProxyFactory.java:45)
	at com.alibaba.dubbo.rpc.proxy.AbstractProxyInvoker.invoke(AbstractProxyInvoker.java:71)
	at com.alibaba.dubbo.config.invoker.DelegateProviderMetaDataInvoker.invoke(DelegateProviderMetaDataInvoker.java:48)
	at com.alibaba.dubbo.rpc.protocol.InvokerWrapper.invoke(InvokerWrapper.java:52)
	at com.alibaba.dubbo.rpc.filter.ExceptionFilter.invoke(ExceptionFilter.java:61)
	at com.alibaba.dubbo.rpc.protocol.ProtocolFilterWrapper$1.invoke(ProtocolFilterWrapper.java:68)
	at com.alibaba.dubbo.monitor.support.MonitorFilter.invoke(MonitorFilter.java:74)
	at com.alibaba.dubbo.rpc.protocol.ProtocolFilterWrapper$1.invoke(ProtocolFilterWrapper.java:68)
	at com.alibaba.dubbo.rpc.filter.TimeoutFilter.invoke(TimeoutFilter.java:41)
	at com.alibaba.dubbo.rpc.protocol.ProtocolFilterWrapper$1.invoke(ProtocolFilterWrapper.java:68)
	at com.alibaba.dubbo.rpc.protocol.dubbo.filter.TraceFilter.invoke(TraceFilter.java:77)
	at com.alibaba.dubbo.rpc.protocol.ProtocolFilterWrapper$1.invoke(ProtocolFilterWrapper.java:68)
	at com.alibaba.dubbo.rpc.filter.ContextFilter.invoke(ContextFilter.java:71)
	at com.alibaba.dubbo.rpc.protocol.ProtocolFilterWrapper$1.invoke(ProtocolFilterWrapper.java:68)
	at com.alibaba.dubbo.rpc.filter.GenericFilter.invoke(GenericFilter.java:131)
	at com.alibaba.dubbo.rpc.protocol.ProtocolFilterWrapper$1.invoke(ProtocolFilterWrapper.java:68)
	at com.alibaba.dubbo.rpc.filter.ClassLoaderFilter.invoke(ClassLoaderFilter.java:37)
	at com.alibaba.dubbo.rpc.protocol.ProtocolFilterWrapper$1.invoke(ProtocolFilterWrapper.java:68)
	at com.alibaba.dubbo.rpc.filter.EchoFilter.invoke(EchoFilter.java:37)
	at com.alibaba.dubbo.rpc.protocol.ProtocolFilterWrapper$1.invoke(ProtocolFilterWrapper.java:68)
	at com.alibaba.dubbo.rpc.protocol.dubbo.DubboProtocol$1.reply(DubboProtocol.java:98)
	at com.alibaba.dubbo.remoting.exchange.support.header.HeaderExchangeHandler.handleRequest(HeaderExchangeHandler.java:96)
	at com.alibaba.dubbo.remoting.exchange.support.header.HeaderExchangeHandler.received(HeaderExchangeHandler.java:168)
	at com.alibaba.dubbo.remoting.transport.DecodeHandler.received(DecodeHandler.java:50)
	at com.alibaba.dubbo.remoting.transport.dispatcher.ChannelEventRunnable.run(ChannelEventRunnable.java:79)
	at java.util.concurrent.ThreadPoolExecutor.runWorker(ThreadPoolExecutor.java:1142)
	at java.util.concurrent.ThreadPoolExecutor$Worker.run(ThreadPoolExecutor.java:617)
	at java.lang.Thread.run(Thread.java:748)

[2018-12-09 16:05:34]-[ERROR]-[Thread: DubboServerHandler-172.18.4.16:20880-thread-198]-[com.alibaba.dubbo.rpc.filter.ExceptionFilter.invoke():84]:  [DUBBO] Got unchecked and undeclared exception which called by 172.18.4.12. service: com.essence.prescript.service.doctor.IDoctorInfoService, method: getDoctorList, exception: java.lang.IllegalArgumentException: fromIndex(30) > toIndex(1), dubbo version: 2.6.0, current host: 172.18.4.16
java.lang.IllegalArgumentException: fromIndex(30) > toIndex(1)
	at java.util.ArrayList.subListRangeCheck(ArrayList.java:1006)
	at java.util.ArrayList.subList(ArrayList.java:996)
	at com.essence.prescript.biz.doctor.impl.DoctorInfoServiceImpl.buildPageInfo(DoctorInfoServiceImpl.java:286)
	at com.essence.prescript.biz.doctor.impl.DoctorInfoServiceImpl.getDoctorList(DoctorInfoServiceImpl.java:221)
	at sun.reflect.NativeMethodAccessorImpl.invoke0(Native Method)
	at sun.reflect.NativeMethodAccessorImpl.invoke(NativeMethodAccessorImpl.java:62)
	at sun.reflect.DelegatingMethodAccessorImpl.invoke(DelegatingMethodAccessorImpl.java:43)
	at java.lang.reflect.Method.invoke(Method.java:498)
	at org.springframework.aop.support.AopUtils.invokeJoinpointUsingReflection(AopUtils.java:333)
	at org.springframework.aop.framework.JdkDynamicAopProxy.invoke(JdkDynamicAopProxy.java:207)
	at com.sun.proxy.$Proxy160.getDoctorList(Unknown Source)
	at com.essence.prescript.service.doctor.DoctorInfoServiceImpl.getDoctorList(DoctorInfoServiceImpl.java:33)
	at com.alibaba.dubbo.common.bytecode.Wrapper27.invokeMethod(Wrapper27.java)
	at com.alibaba.dubbo.rpc.proxy.javassist.JavassistProxyFactory$1.doInvoke(JavassistProxyFactory.java:45)
	at com.alibaba.dubbo.rpc.proxy.AbstractProxyInvoker.invoke(AbstractProxyInvoker.java:71)
	at com.alibaba.dubbo.config.invoker.DelegateProviderMetaDataInvoker.invoke(DelegateProviderMetaDataInvoker.java:48)
	at com.alibaba.dubbo.rpc.protocol.InvokerWrapper.invoke(InvokerWrapper.java:52)
	at com.alibaba.dubbo.rpc.filter.ExceptionFilter.invoke(ExceptionFilter.java:61)
	at com.alibaba.dubbo.rpc.protocol.ProtocolFilterWrapper$1.invoke(ProtocolFilterWrapper.java:68)
	at com.alibaba.dubbo.monitor.support.MonitorFilter.invoke(MonitorFilter.java:74)
	at com.alibaba.dubbo.rpc.protocol.ProtocolFilterWrapper$1.invoke(ProtocolFilterWrapper.java:68)
	at com.alibaba.dubbo.rpc.filter.TimeoutFilter.invoke(TimeoutFilter.java:41)
	at com.alibaba.dubbo.rpc.protocol.ProtocolFilterWrapper$1.invoke(ProtocolFilterWrapper.java:68)
	at com.alibaba.dubbo.rpc.protocol.dubbo.filter.TraceFilter.invoke(TraceFilter.java:77)
	at com.alibaba.dubbo.rpc.protocol.ProtocolFilterWrapper$1.invoke(ProtocolFilterWrapper.java:68)
	at com.alibaba.dubbo.rpc.filter.ContextFilter.invoke(ContextFilter.java:71)
	at com.alibaba.dubbo.rpc.protocol.ProtocolFilterWrapper$1.invoke(ProtocolFilterWrapper.java:68)
	at com.alibaba.dubbo.rpc.filter.GenericFilter.invoke(GenericFilter.java:131)
	at com.alibaba.dubbo.rpc.protocol.ProtocolFilterWrapper$1.invoke(ProtocolFilterWrapper.java:68)
	at com.alibaba.dubbo.rpc.filter.ClassLoaderFilter.invoke(ClassLoaderFilter.java:37)
	at com.alibaba.dubbo.rpc.protocol.ProtocolFilterWrapper$1.invoke(ProtocolFilterWrapper.java:68)
	at com.alibaba.dubbo.rpc.filter.EchoFilter.invoke(EchoFilter.java:37)
	at com.alibaba.dubbo.rpc.protocol.ProtocolFilterWrapper$1.invoke(ProtocolFilterWrapper.java:68)
	at com.alibaba.dubbo.rpc.protocol.dubbo.DubboProtocol$1.reply(DubboProtocol.java:98)
	at com.alibaba.dubbo.remoting.exchange.support.header.HeaderExchangeHandler.handleRequest(HeaderExchangeHandler.java:96)
	at com.alibaba.dubbo.remoting.exchange.support.header.HeaderExchangeHandler.received(HeaderExchangeHandler.java:168)
	at com.alibaba.dubbo.remoting.transport.DecodeHandler.received(DecodeHandler.java:50)
	at com.alibaba.dubbo.remoting.transport.dispatcher.ChannelEventRunnable.run(ChannelEventRunnable.java:79)
	at java.util.concurrent.ThreadPoolExecutor.runWorker(ThreadPoolExecutor.java:1142)
	at java.util.concurrent.ThreadPoolExecutor$Worker.run(ThreadPoolExecutor.java:617)
	at java.lang.Thread.run(Thread.java:748)

[2018-12-09 16:14:32]-[ERROR]-[Thread: pool-3-thread-1]-[com.essence.prescript.service.runnable.SavePrescriptionToQulianRunnable.run():66]:  [DUBBO] P2018120916143201, dubbo version: 2.6.0, current host: 172.18.4.16
com.alibaba.dubbo.rpc.RpcException: No provider available from registry 172.18.4.17:2181 for service com.essence.prescript.service.prescription.IPrescriptionService on consumer 172.18.4.16 use dubbo version 2.6.0, may be providers disabled or not registered ?
	at com.alibaba.dubbo.registry.integration.RegistryDirectory.doList(RegistryDirectory.java:572)
	at com.alibaba.dubbo.rpc.cluster.directory.AbstractDirectory.list(AbstractDirectory.java:73)
	at com.alibaba.dubbo.rpc.cluster.support.AbstractClusterInvoker.list(AbstractClusterInvoker.java:265)
	at com.alibaba.dubbo.rpc.cluster.support.AbstractClusterInvoker.invoke(AbstractClusterInvoker.java:224)
	at com.alibaba.dubbo.rpc.cluster.support.wrapper.MockClusterInvoker.invoke(MockClusterInvoker.java:70)
	at com.alibaba.dubbo.rpc.proxy.InvokerInvocationHandler.invoke(InvokerInvocationHandler.java:51)
	at com.alibaba.dubbo.common.bytecode.proxy0.insertPrescription(proxy0.java)
	at com.essence.prescript.service.runnable.SavePrescriptionToQulianRunnable.run(SavePrescriptionToQulianRunnable.java:61)
	at java.util.concurrent.Executors$RunnableAdapter.call(Executors.java:511)
	at java.util.concurrent.FutureTask.run(FutureTask.java:266)
	at java.util.concurrent.ThreadPoolExecutor.runWorker(ThreadPoolExecutor.java:1142)
	at java.util.concurrent.ThreadPoolExecutor$Worker.run(ThreadPoolExecutor.java:617)
	at java.lang.Thread.run(Thread.java:748)

[2018-12-09 16:21:23]-[ERROR]-[Thread: pool-3-thread-2]-[com.essence.prescript.service.runnable.SavePrescriptionToQulianRunnable.run():66]:  [DUBBO] P2018120916212301, dubbo version: 2.6.0, current host: 172.18.4.16
com.alibaba.dubbo.rpc.RpcException: No provider available from registry 172.18.4.17:2181 for service com.essence.prescript.service.prescription.IPrescriptionService on consumer 172.18.4.16 use dubbo version 2.6.0, may be providers disabled or not registered ?
	at com.alibaba.dubbo.registry.integration.RegistryDirectory.doList(RegistryDirectory.java:572)
	at com.alibaba.dubbo.rpc.cluster.directory.AbstractDirectory.list(AbstractDirectory.java:73)
	at com.alibaba.dubbo.rpc.cluster.support.AbstractClusterInvoker.list(AbstractClusterInvoker.java:265)
	at com.alibaba.dubbo.rpc.cluster.support.AbstractClusterInvoker.invoke(AbstractClusterInvoker.java:224)
	at com.alibaba.dubbo.rpc.cluster.support.wrapper.MockClusterInvoker.invoke(MockClusterInvoker.java:70)
	at com.alibaba.dubbo.rpc.proxy.InvokerInvocationHandler.invoke(InvokerInvocationHandler.java:51)
	at com.alibaba.dubbo.common.bytecode.proxy0.insertPrescription(proxy0.java)
	at com.essence.prescript.service.runnable.SavePrescriptionToQulianRunnable.run(SavePrescriptionToQulianRunnable.java:61)
	at java.util.concurrent.Executors$RunnableAdapter.call(Executors.java:511)
	at java.util.concurrent.FutureTask.run(FutureTask.java:266)
	at java.util.concurrent.ThreadPoolExecutor.runWorker(ThreadPoolExecutor.java:1142)
	at java.util.concurrent.ThreadPoolExecutor$Worker.run(ThreadPoolExecutor.java:617)
	at java.lang.Thread.run(Thread.java:748)

[2018-12-09 16:25:39]-[ERROR]-[Thread: DubboServerHandler-172.18.4.16:20880-thread-200]-[com.alibaba.dubbo.rpc.filter.ExceptionFilter.invoke():84]:  [DUBBO] Got unchecked and undeclared exception which called by 172.18.4.12. service: com.essence.prescript.service.doctor.IPrescriptionOperationService, method: savePrescription, exception: org.mybatis.spring.MyBatisSystemException: nested exception is org.apache.ibatis.exceptions.TooManyResultsException: Expected one result (or null) to be returned by selectOne(), but found: 2, dubbo version: 2.6.0, current host: 172.18.4.16
org.mybatis.spring.MyBatisSystemException: nested exception is org.apache.ibatis.exceptions.TooManyResultsException: Expected one result (or null) to be returned by selectOne(), but found: 2
	at org.mybatis.spring.MyBatisExceptionTranslator.translateExceptionIfPossible(MyBatisExceptionTranslator.java:75)
	at org.mybatis.spring.SqlSessionTemplate$SqlSessionInterceptor.invoke(SqlSessionTemplate.java:371)
	at com.sun.proxy.$Proxy72.selectOne(Unknown Source)
	at org.mybatis.spring.SqlSessionTemplate.selectOne(SqlSessionTemplate.java:163)
	at org.apache.ibatis.binding.MapperMethod.execute(MapperMethod.java:63)
	at org.apache.ibatis.binding.MapperProxy.invoke(MapperProxy.java:43)
	at com.sun.proxy.$Proxy144.findSms(Unknown Source)
	at com.essence.prescript.biz.operation.impl.OperationSmsRecordServiceImpl.generatedMessage(OperationSmsRecordServiceImpl.java:103)
	at sun.reflect.NativeMethodAccessorImpl.invoke0(Native Method)
	at sun.reflect.NativeMethodAccessorImpl.invoke(NativeMethodAccessorImpl.java:62)
	at sun.reflect.DelegatingMethodAccessorImpl.invoke(DelegatingMethodAccessorImpl.java:43)
	at java.lang.reflect.Method.invoke(Method.java:498)
	at org.springframework.aop.support.AopUtils.invokeJoinpointUsingReflection(AopUtils.java:333)
	at org.springframework.aop.framework.ReflectiveMethodInvocation.invokeJoinpoint(ReflectiveMethodInvocation.java:190)
	at org.springframework.aop.framework.ReflectiveMethodInvocation.proceed(ReflectiveMethodInvocation.java:157)
	at org.springframework.transaction.interceptor.TransactionInterceptor$1.proceedWithInvocation(TransactionInterceptor.java:99)
	at org.springframework.transaction.interceptor.TransactionAspectSupport.invokeWithinTransaction(TransactionAspectSupport.java:282)
	at org.springframework.transaction.interceptor.TransactionInterceptor.invoke(TransactionInterceptor.java:96)
	at org.springframework.aop.framework.ReflectiveMethodInvocation.proceed(ReflectiveMethodInvocation.java:179)
	at org.springframework.aop.framework.JdkDynamicAopProxy.invoke(JdkDynamicAopProxy.java:213)
	at com.sun.proxy.$Proxy147.generatedMessage(Unknown Source)
	at com.essence.prescript.biz.hosp.impl.PrescriptionOperationServiceImpl.sendRevisiteMessage(PrescriptionOperationServiceImpl.java:273)
	at com.essence.prescript.biz.hosp.impl.PrescriptionOperationServiceImpl.savePrescriptionInfo(PrescriptionOperationServiceImpl.java:492)
	at com.essence.prescript.biz.hosp.impl.PrescriptionOperationServiceImpl.savePrescription(PrescriptionOperationServiceImpl.java:243)
	at sun.reflect.NativeMethodAccessorImpl.invoke0(Native Method)
	at sun.reflect.NativeMethodAccessorImpl.invoke(NativeMethodAccessorImpl.java:62)
	at sun.reflect.DelegatingMethodAccessorImpl.invoke(DelegatingMethodAccessorImpl.java:43)
	at java.lang.reflect.Method.invoke(Method.java:498)
	at org.springframework.aop.support.AopUtils.invokeJoinpointUsingReflection(AopUtils.java:333)
	at org.springframework.aop.framework.ReflectiveMethodInvocation.invokeJoinpoint(ReflectiveMethodInvocation.java:190)
	at org.springframework.aop.framework.ReflectiveMethodInvocation.proceed(ReflectiveMethodInvocation.java:157)
	at org.springframework.transaction.interceptor.TransactionInterceptor$1.proceedWithInvocation(TransactionInterceptor.java:99)
	at org.springframework.transaction.interceptor.TransactionAspectSupport.invokeWithinTransaction(TransactionAspectSupport.java:282)
	at org.springframework.transaction.interceptor.TransactionInterceptor.invoke(TransactionInterceptor.java:96)
	at org.springframework.aop.framework.ReflectiveMethodInvocation.proceed(ReflectiveMethodInvocation.java:179)
	at org.springframework.aop.framework.JdkDynamicAopProxy.invoke(JdkDynamicAopProxy.java:213)
	at com.sun.proxy.$Proxy209.savePrescription(Unknown Source)
	at com.essence.prescript.service.hosp.PrescriptionOperationServiceImpl.savePrescription(PrescriptionOperationServiceImpl.java:73)
	at com.alibaba.dubbo.common.bytecode.Wrapper104.invokeMethod(Wrapper104.java)
	at com.alibaba.dubbo.rpc.proxy.javassist.JavassistProxyFactory$1.doInvoke(JavassistProxyFactory.java:45)
	at com.alibaba.dubbo.rpc.proxy.AbstractProxyInvoker.invoke(AbstractProxyInvoker.java:71)
	at com.alibaba.dubbo.config.invoker.DelegateProviderMetaDataInvoker.invoke(DelegateProviderMetaDataInvoker.java:48)
	at com.alibaba.dubbo.rpc.protocol.InvokerWrapper.invoke(InvokerWrapper.java:52)
	at com.alibaba.dubbo.rpc.filter.ExceptionFilter.invoke(ExceptionFilter.java:61)
	at com.alibaba.dubbo.rpc.protocol.ProtocolFilterWrapper$1.invoke(ProtocolFilterWrapper.java:68)
	at com.alibaba.dubbo.monitor.support.MonitorFilter.invoke(MonitorFilter.java:74)
	at com.alibaba.dubbo.rpc.protocol.ProtocolFilterWrapper$1.invoke(ProtocolFilterWrapper.java:68)
	at com.alibaba.dubbo.rpc.filter.TimeoutFilter.invoke(TimeoutFilter.java:41)
	at com.alibaba.dubbo.rpc.protocol.ProtocolFilterWrapper$1.invoke(ProtocolFilterWrapper.java:68)
	at com.alibaba.dubbo.rpc.protocol.dubbo.filter.TraceFilter.invoke(TraceFilter.java:77)
	at com.alibaba.dubbo.rpc.protocol.ProtocolFilterWrapper$1.invoke(ProtocolFilterWrapper.java:68)
	at com.alibaba.dubbo.rpc.filter.ContextFilter.invoke(ContextFilter.java:71)
	at com.alibaba.dubbo.rpc.protocol.ProtocolFilterWrapper$1.invoke(ProtocolFilterWrapper.java:68)
	at com.alibaba.dubbo.rpc.filter.GenericFilter.invoke(GenericFilter.java:131)
	at com.alibaba.dubbo.rpc.protocol.ProtocolFilterWrapper$1.invoke(ProtocolFilterWrapper.java:68)
	at com.alibaba.dubbo.rpc.filter.ClassLoaderFilter.invoke(ClassLoaderFilter.java:37)
	at com.alibaba.dubbo.rpc.protocol.ProtocolFilterWrapper$1.invoke(ProtocolFilterWrapper.java:68)
	at com.alibaba.dubbo.rpc.filter.EchoFilter.invoke(EchoFilter.java:37)
	at com.alibaba.dubbo.rpc.protocol.ProtocolFilterWrapper$1.invoke(ProtocolFilterWrapper.java:68)
	at com.alibaba.dubbo.rpc.protocol.dubbo.DubboProtocol$1.reply(DubboProtocol.java:98)
	at com.alibaba.dubbo.remoting.exchange.support.header.HeaderExchangeHandler.handleRequest(HeaderExchangeHandler.java:96)
	at com.alibaba.dubbo.remoting.exchange.support.header.HeaderExchangeHandler.received(HeaderExchangeHandler.java:168)
	at com.alibaba.dubbo.remoting.transport.DecodeHandler.received(DecodeHandler.java:50)
	at com.alibaba.dubbo.remoting.transport.dispatcher.ChannelEventRunnable.run(ChannelEventRunnable.java:79)
	at java.util.concurrent.ThreadPoolExecutor.runWorker(ThreadPoolExecutor.java:1142)
	at java.util.concurrent.ThreadPoolExecutor$Worker.run(ThreadPoolExecutor.java:617)
	at java.lang.Thread.run(Thread.java:748)
Caused by: org.apache.ibatis.exceptions.TooManyResultsException: Expected one result (or null) to be returned by selectOne(), but found: 2
	at org.apache.ibatis.session.defaults.DefaultSqlSession.selectOne(DefaultSqlSession.java:66)
	at sun.reflect.GeneratedMethodAccessor518.invoke(Unknown Source)
	at sun.reflect.DelegatingMethodAccessorImpl.invoke(DelegatingMethodAccessorImpl.java:43)
	at java.lang.reflect.Method.invoke(Method.java:498)
	at org.mybatis.spring.SqlSessionTemplate$SqlSessionInterceptor.invoke(SqlSessionTemplate.java:358)
	... 65 more

[2018-12-09 16:25:43]-[ERROR]-[Thread: pool-3-thread-3]-[com.essence.prescript.service.runnable.SavePrescriptionToQulianRunnable.run():66]:  [DUBBO] P2018120916254301, dubbo version: 2.6.0, current host: 172.18.4.16
com.alibaba.dubbo.rpc.RpcException: No provider available from registry 172.18.4.17:2181 for service com.essence.prescript.service.prescription.IPrescriptionService on consumer 172.18.4.16 use dubbo version 2.6.0, may be providers disabled or not registered ?
	at com.alibaba.dubbo.registry.integration.RegistryDirectory.doList(RegistryDirectory.java:572)
	at com.alibaba.dubbo.rpc.cluster.directory.AbstractDirectory.list(AbstractDirectory.java:73)
	at com.alibaba.dubbo.rpc.cluster.support.AbstractClusterInvoker.list(AbstractClusterInvoker.java:265)
	at com.alibaba.dubbo.rpc.cluster.support.AbstractClusterInvoker.invoke(AbstractClusterInvoker.java:224)
	at com.alibaba.dubbo.rpc.cluster.support.wrapper.MockClusterInvoker.invoke(MockClusterInvoker.java:70)
	at com.alibaba.dubbo.rpc.proxy.InvokerInvocationHandler.invoke(InvokerInvocationHandler.java:51)
	at com.alibaba.dubbo.common.bytecode.proxy0.insertPrescription(proxy0.java)
	at com.essence.prescript.service.runnable.SavePrescriptionToQulianRunnable.run(SavePrescriptionToQulianRunnable.java:61)
	at java.util.concurrent.Executors$RunnableAdapter.call(Executors.java:511)
	at java.util.concurrent.FutureTask.run(FutureTask.java:266)
	at java.util.concurrent.ThreadPoolExecutor.runWorker(ThreadPoolExecutor.java:1142)
	at java.util.concurrent.ThreadPoolExecutor$Worker.run(ThreadPoolExecutor.java:617)
	at java.lang.Thread.run(Thread.java:748)

[2018-12-09 16:26:23]-[ERROR]-[Thread: pool-3-thread-3]-[com.essence.prescript.service.runnable.SavePrescriptionToQulianRunnable.run():66]:  [DUBBO] P2018120916262301, dubbo version: 2.6.0, current host: 172.18.4.16
com.alibaba.dubbo.rpc.RpcException: No provider available from registry 172.18.4.17:2181 for service com.essence.prescript.service.prescription.IPrescriptionService on consumer 172.18.4.16 use dubbo version 2.6.0, may be providers disabled or not registered ?
	at com.alibaba.dubbo.registry.integration.RegistryDirectory.doList(RegistryDirectory.java:572)
	at com.alibaba.dubbo.rpc.cluster.directory.AbstractDirectory.list(AbstractDirectory.java:73)
	at com.alibaba.dubbo.rpc.cluster.support.AbstractClusterInvoker.list(AbstractClusterInvoker.java:265)
	at com.alibaba.dubbo.rpc.cluster.support.AbstractClusterInvoker.invoke(AbstractClusterInvoker.java:224)
	at com.alibaba.dubbo.rpc.cluster.support.wrapper.MockClusterInvoker.invoke(MockClusterInvoker.java:70)
	at com.alibaba.dubbo.rpc.proxy.InvokerInvocationHandler.invoke(InvokerInvocationHandler.java:51)
	at com.alibaba.dubbo.common.bytecode.proxy0.insertPrescription(proxy0.java)
	at com.essence.prescript.service.runnable.SavePrescriptionToQulianRunnable.run(SavePrescriptionToQulianRunnable.java:61)
	at java.util.concurrent.Executors$RunnableAdapter.call(Executors.java:511)
	at java.util.concurrent.FutureTask.run(FutureTask.java:266)
	at java.util.concurrent.ThreadPoolExecutor.runWorker(ThreadPoolExecutor.java:1142)
	at java.util.concurrent.ThreadPoolExecutor$Worker.run(ThreadPoolExecutor.java:617)
	at java.lang.Thread.run(Thread.java:748)

[2018-12-09 16:27:44]-[ERROR]-[Thread: DubboServerHandler-172.18.4.16:20880-thread-199]-[com.alibaba.dubbo.rpc.filter.ExceptionFilter.invoke():84]:  [DUBBO] Got unchecked and undeclared exception which called by 172.18.4.12. service: com.essence.prescript.service.doctor.IPrescriptionOperationService, method: savePrescription, exception: org.mybatis.spring.MyBatisSystemException: nested exception is org.apache.ibatis.exceptions.TooManyResultsException: Expected one result (or null) to be returned by selectOne(), but found: 2, dubbo version: 2.6.0, current host: 172.18.4.16
org.mybatis.spring.MyBatisSystemException: nested exception is org.apache.ibatis.exceptions.TooManyResultsException: Expected one result (or null) to be returned by selectOne(), but found: 2
	at org.mybatis.spring.MyBatisExceptionTranslator.translateExceptionIfPossible(MyBatisExceptionTranslator.java:75)
	at org.mybatis.spring.SqlSessionTemplate$SqlSessionInterceptor.invoke(SqlSessionTemplate.java:371)
	at com.sun.proxy.$Proxy72.selectOne(Unknown Source)
	at org.mybatis.spring.SqlSessionTemplate.selectOne(SqlSessionTemplate.java:163)
	at org.apache.ibatis.binding.MapperMethod.execute(MapperMethod.java:63)
	at org.apache.ibatis.binding.MapperProxy.invoke(MapperProxy.java:43)
	at com.sun.proxy.$Proxy144.findSms(Unknown Source)
	at com.essence.prescript.biz.operation.impl.OperationSmsRecordServiceImpl.generatedMessage(OperationSmsRecordServiceImpl.java:103)
	at sun.reflect.NativeMethodAccessorImpl.invoke0(Native Method)
	at sun.reflect.NativeMethodAccessorImpl.invoke(NativeMethodAccessorImpl.java:62)
	at sun.reflect.DelegatingMethodAccessorImpl.invoke(DelegatingMethodAccessorImpl.java:43)
	at java.lang.reflect.Method.invoke(Method.java:498)
	at org.springframework.aop.support.AopUtils.invokeJoinpointUsingReflection(AopUtils.java:333)
	at org.springframework.aop.framework.ReflectiveMethodInvocation.invokeJoinpoint(ReflectiveMethodInvocation.java:190)
	at org.springframework.aop.framework.ReflectiveMethodInvocation.proceed(ReflectiveMethodInvocation.java:157)
	at org.springframework.transaction.interceptor.TransactionInterceptor$1.proceedWithInvocation(TransactionInterceptor.java:99)
	at org.springframework.transaction.interceptor.TransactionAspectSupport.invokeWithinTransaction(TransactionAspectSupport.java:282)
	at org.springframework.transaction.interceptor.TransactionInterceptor.invoke(TransactionInterceptor.java:96)
	at org.springframework.aop.framework.ReflectiveMethodInvocation.proceed(ReflectiveMethodInvocation.java:179)
	at org.springframework.aop.framework.JdkDynamicAopProxy.invoke(JdkDynamicAopProxy.java:213)
	at com.sun.proxy.$Proxy147.generatedMessage(Unknown Source)
	at com.essence.prescript.biz.hosp.impl.PrescriptionOperationServiceImpl.sendRevisiteMessage(PrescriptionOperationServiceImpl.java:273)
	at com.essence.prescript.biz.hosp.impl.PrescriptionOperationServiceImpl.savePrescriptionInfo(PrescriptionOperationServiceImpl.java:492)
	at com.essence.prescript.biz.hosp.impl.PrescriptionOperationServiceImpl.savePrescription(PrescriptionOperationServiceImpl.java:243)
	at sun.reflect.NativeMethodAccessorImpl.invoke0(Native Method)
	at sun.reflect.NativeMethodAccessorImpl.invoke(NativeMethodAccessorImpl.java:62)
	at sun.reflect.DelegatingMethodAccessorImpl.invoke(DelegatingMethodAccessorImpl.java:43)
	at java.lang.reflect.Method.invoke(Method.java:498)
	at org.springframework.aop.support.AopUtils.invokeJoinpointUsingReflection(AopUtils.java:333)
	at org.springframework.aop.framework.ReflectiveMethodInvocation.invokeJoinpoint(ReflectiveMethodInvocation.java:190)
	at org.springframework.aop.framework.ReflectiveMethodInvocation.proceed(ReflectiveMethodInvocation.java:157)
	at org.springframework.transaction.interceptor.TransactionInterceptor$1.proceedWithInvocation(TransactionInterceptor.java:99)
	at org.springframework.transaction.interceptor.TransactionAspectSupport.invokeWithinTransaction(TransactionAspectSupport.java:282)
	at org.springframework.transaction.interceptor.TransactionInterceptor.invoke(TransactionInterceptor.java:96)
	at org.springframework.aop.framework.ReflectiveMethodInvocation.proceed(ReflectiveMethodInvocation.java:179)
	at org.springframework.aop.framework.JdkDynamicAopProxy.invoke(JdkDynamicAopProxy.java:213)
	at com.sun.proxy.$Proxy209.savePrescription(Unknown Source)
	at com.essence.prescript.service.hosp.PrescriptionOperationServiceImpl.savePrescription(PrescriptionOperationServiceImpl.java:73)
	at com.alibaba.dubbo.common.bytecode.Wrapper104.invokeMethod(Wrapper104.java)
	at com.alibaba.dubbo.rpc.proxy.javassist.JavassistProxyFactory$1.doInvoke(JavassistProxyFactory.java:45)
	at com.alibaba.dubbo.rpc.proxy.AbstractProxyInvoker.invoke(AbstractProxyInvoker.java:71)
	at com.alibaba.dubbo.config.invoker.DelegateProviderMetaDataInvoker.invoke(DelegateProviderMetaDataInvoker.java:48)
	at com.alibaba.dubbo.rpc.protocol.InvokerWrapper.invoke(InvokerWrapper.java:52)
	at com.alibaba.dubbo.rpc.filter.ExceptionFilter.invoke(ExceptionFilter.java:61)
	at com.alibaba.dubbo.rpc.protocol.ProtocolFilterWrapper$1.invoke(ProtocolFilterWrapper.java:68)
	at com.alibaba.dubbo.monitor.support.MonitorFilter.invoke(MonitorFilter.java:74)
	at com.alibaba.dubbo.rpc.protocol.ProtocolFilterWrapper$1.invoke(ProtocolFilterWrapper.java:68)
	at com.alibaba.dubbo.rpc.filter.TimeoutFilter.invoke(TimeoutFilter.java:41)
	at com.alibaba.dubbo.rpc.protocol.ProtocolFilterWrapper$1.invoke(ProtocolFilterWrapper.java:68)
	at com.alibaba.dubbo.rpc.protocol.dubbo.filter.TraceFilter.invoke(TraceFilter.java:77)
	at com.alibaba.dubbo.rpc.protocol.ProtocolFilterWrapper$1.invoke(ProtocolFilterWrapper.java:68)
	at com.alibaba.dubbo.rpc.filter.ContextFilter.invoke(ContextFilter.java:71)
	at com.alibaba.dubbo.rpc.protocol.ProtocolFilterWrapper$1.invoke(ProtocolFilterWrapper.java:68)
	at com.alibaba.dubbo.rpc.filter.GenericFilter.invoke(GenericFilter.java:131)
	at com.alibaba.dubbo.rpc.protocol.ProtocolFilterWrapper$1.invoke(ProtocolFilterWrapper.java:68)
	at com.alibaba.dubbo.rpc.filter.ClassLoaderFilter.invoke(ClassLoaderFilter.java:37)
	at com.alibaba.dubbo.rpc.protocol.ProtocolFilterWrapper$1.invoke(ProtocolFilterWrapper.java:68)
	at com.alibaba.dubbo.rpc.filter.EchoFilter.invoke(EchoFilter.java:37)
	at com.alibaba.dubbo.rpc.protocol.ProtocolFilterWrapper$1.invoke(ProtocolFilterWrapper.java:68)
	at com.alibaba.dubbo.rpc.protocol.dubbo.DubboProtocol$1.reply(DubboProtocol.java:98)
	at com.alibaba.dubbo.remoting.exchange.support.header.HeaderExchangeHandler.handleRequest(HeaderExchangeHandler.java:96)
	at com.alibaba.dubbo.remoting.exchange.support.header.HeaderExchangeHandler.received(HeaderExchangeHandler.java:168)
	at com.alibaba.dubbo.remoting.transport.DecodeHandler.received(DecodeHandler.java:50)
	at com.alibaba.dubbo.remoting.transport.dispatcher.ChannelEventRunnable.run(ChannelEventRunnable.java:79)
	at java.util.concurrent.ThreadPoolExecutor.runWorker(ThreadPoolExecutor.java:1142)
	at java.util.concurrent.ThreadPoolExecutor$Worker.run(ThreadPoolExecutor.java:617)
	at java.lang.Thread.run(Thread.java:748)
Caused by: org.apache.ibatis.exceptions.TooManyResultsException: Expected one result (or null) to be returned by selectOne(), but found: 2
	at org.apache.ibatis.session.defaults.DefaultSqlSession.selectOne(DefaultSqlSession.java:66)
	at sun.reflect.GeneratedMethodAccessor518.invoke(Unknown Source)
	at sun.reflect.DelegatingMethodAccessorImpl.invoke(DelegatingMethodAccessorImpl.java:43)
	at java.lang.reflect.Method.invoke(Method.java:498)
	at org.mybatis.spring.SqlSessionTemplate$SqlSessionInterceptor.invoke(SqlSessionTemplate.java:358)
	... 65 more
